<?xml version="1.0" encoding="UTF-8"?>
<coverage generated="1643415284322" clover="3.2.0">
  <project timestamp="1643415284322" name="All files">
    <metrics statements="30" coveredstatements="20" conditionals="5" coveredconditionals="3" methods="2" coveredmethods="1" elements="37" coveredelements="24" complexity="0" loc="30" ncloc="30" packages="2" files="2" classes="2"/>
    <package name="controllers">
      <metrics statements="23" coveredstatements="20" conditionals="4" coveredconditionals="3" methods="1" coveredmethods="1"/>
      <file name="signup.ts" path="/home/jeanestudos/Documentos/manguinho/clean-code/clean-code-arquitecture/src/presentation/controllers/signup.ts">
        <metrics statements="23" coveredstatements="20" conditionals="4" coveredconditionals="3" methods="1" coveredmethods="1"/>
        <line num="1" count="1" type="stmt"/>
        <line num="2" count="1" type="stmt"/>
        <line num="3" count="1" type="stmt"/>
        <line num="4" count="1" type="stmt"/>
        <line num="5" count="1" type="stmt"/>
        <line num="6" count="1" type="stmt"/>
        <line num="7" count="1" type="cond" truecount="1" falsecount="0"/>
        <line num="8" count="4" type="stmt"/>
        <line num="9" count="4" type="stmt"/>
        <line num="10" count="4" type="stmt"/>
        <line num="11" count="4" type="stmt"/>
        <line num="12" count="4" type="stmt"/>
        <line num="13" count="4" type="stmt"/>
        <line num="14" count="4" type="stmt"/>
        <line num="15" count="4" type="cond" truecount="1" falsecount="0"/>
        <line num="16" count="10" type="cond" truecount="1" falsecount="0"/>
        <line num="17" count="4" type="stmt"/>
        <line num="18" count="4" type="stmt"/>
        <line num="19" count="10" type="stmt"/>
        <line num="20" count="0" type="cond" truecount="0" falsecount="1"/>
        <line num="21" count="0" type="stmt"/>
        <line num="22" count="0" type="stmt"/>
        <line num="23" count="1" type="stmt"/>
      </file>
    </package>
    <package name="protocols">
      <metrics statements="7" coveredstatements="0" conditionals="1" coveredconditionals="0" methods="1" coveredmethods="0"/>
      <file name="controller.ts" path="/home/jeanestudos/Documentos/manguinho/clean-code/clean-code-arquitecture/src/presentation/protocols/controller.ts">
        <metrics statements="7" coveredstatements="0" conditionals="1" coveredconditionals="0" methods="1" coveredmethods="0"/>
        <line num="1" count="0" type="cond" truecount="0" falsecount="1"/>
        <line num="2" count="0" type="stmt"/>
        <line num="3" count="0" type="stmt"/>
        <line num="4" count="0" type="stmt"/>
        <line num="5" count="0" type="stmt"/>
        <line num="6" count="0" type="stmt"/>
        <line num="7" count="0" type="stmt"/>
      </file>
    </package>
  </project>
</coverage>
