TN:
SF:src/domain/models/account.ts
FN:1,(empty-report)
FNF:1
FNH:0
FNDA:0,(empty-report)
DA:1,0
DA:2,0
DA:3,0
DA:4,0
DA:5,0
DA:6,0
LF:6
LH:0
BRDA:1,0,0,0
BRF:1
BRH:0
end_of_record
TN:
SF:src/domain/usecases/add-account.ts
FN:1,(empty-report)
FNF:1
FNH:0
FNDA:0,(empty-report)
DA:1,0
DA:2,0
DA:3,0
DA:4,0
DA:5,0
DA:6,0
DA:7,0
DA:8,0
DA:9,0
DA:10,0
DA:11,0
DA:12,0
DA:13,0
DA:14,0
DA:15,0
DA:16,0
DA:17,0
LF:17
LH:0
BRDA:1,0,0,0
BRF:1
BRH:0
end_of_record
TN:
SF:src/presentation/controllers/signup.ts
FN:15,SignUpController
FN:20,handle
FNF:2
FNH:2
FNDA:8,SignUpController
FNDA:8,handle
DA:1,1
DA:2,1
DA:3,1
DA:4,1
DA:5,1
DA:6,1
DA:7,1
DA:8,1
DA:9,1
DA:10,1
DA:11,1
DA:12,1
DA:13,1
DA:14,1
DA:15,1
DA:16,8
DA:17,8
DA:18,8
DA:19,1
DA:20,1
DA:21,8
DA:22,8
DA:23,8
DA:24,8
DA:25,8
DA:26,8
DA:27,8
DA:28,8
DA:29,8
DA:30,8
DA:31,8
DA:32,8
DA:33,8
DA:34,8
DA:35,8
DA:36,8
DA:37,8
DA:38,8
DA:39,8
DA:40,8
DA:41,8
DA:42,8
DA:43,8
DA:44,8
DA:45,8
DA:46,8
DA:47,8
DA:48,8
DA:49,8
DA:50,8
DA:51,8
DA:52,8
DA:53,8
DA:54,8
DA:55,8
DA:56,8
DA:57,1
LF:57
LH:57
BRF:0
BRH:0
end_of_record
TN:
SF:src/presentation/erros/index.ts
FNF:0
FNH:0
DA:1,1
DA:2,1
DA:3,1
LF:3
LH:3
BRF:0
BRH:0
end_of_record
TN:
SF:src/presentation/protocols/email-validator.ts
FN:1,(empty-report)
FNF:1
FNH:0
FNDA:0,(empty-report)
DA:1,0
DA:2,0
DA:3,0
DA:4,0
LF:4
LH:0
BRDA:1,0,0,0
BRF:1
BRH:0
end_of_record
